<component name="libraryTable">
  <library name="junit-4.12">
    <CLASSES>
      <root url="jar:///snap/intellij-idea-ultimate/current/lib/junit-4.12.jar!/" />
    </CLASSES>
    <JAVADOC />
    <SOURCES />
  </library>
</component>